{"__type":"$$EventMessageAudit","id":"ec2b3b99-b785-45e7-b839-9e4599fdce63","ts":"2026-01-28T09:05:21.883+00:00","eventName":"n8n.audit.workflow.created","message":"n8n.audit.workflow.created","payload":{"userId":"062cdfef-118f-409e-b0bd-91f47e6d9df4","_email":"admin@example.com","_firstName":"Admin","_lastName":"Admin","globalRole":"global:owner","workflowId":"JLEFtZFv8tG-RvtmSxe9v","workflowName":"batch mail imap"}}
{"__type":"$$EventMessageConfirm","confirm":"ec2b3b99-b785-45e7-b839-9e4599fdce63","ts":"2026-01-28T09:05:21.883+00:00","source":{"id":"0","name":"eventBus"}}
{"__type":"$$EventMessageWorkflow","id":"8d2bf5c8-5244-4c74-96cf-138233725434","ts":"2026-01-28T04:18:51.326-05:00","eventName":"n8n.workflow.started","message":"n8n.workflow.started","payload":{"executionId":"84","workflowId":"JLEFtZFv8tG-RvtmSxe9v","isManual":false,"workflowName":"batch mail imap"}}
{"__type":"$$EventMessageConfirm","confirm":"8d2bf5c8-5244-4c74-96cf-138233725434","ts":"2026-01-28T04:18:51.326-05:00","source":{"id":"0","name":"eventBus"}}
{"__type":"$$EventMessageNode","id":"9b757edd-0e00-4c73-9590-e660adfb17b5","ts":"2026-01-28T04:18:51.328-05:00","eventName":"n8n.node.started","message":"n8n.node.started","payload":{"workflowId":"JLEFtZFv8tG-RvtmSxe9v","workflowName":"batch mail imap","executionId":"84","nodeType":"n8n-nodes-base.manualTrigger","nodeName":"When clicking ‘Execute workflow’","nodeId":"26ec4e7b-085e-41fd-9b1b-42be7c7a0913"}}
{"__type":"$$EventMessageConfirm","confirm":"9b757edd-0e00-4c73-9590-e660adfb17b5","ts":"2026-01-28T04:18:51.328-05:00","source":{"id":"0","name":"eventBus"}}
{"__type":"$$EventMessageNode","id":"772a43b7-709a-4426-adfb-4bf9417a9dd8","ts":"2026-01-28T04:18:51.330-05:00","eventName":"n8n.node.finished","message":"n8n.node.finished","payload":{"workflowId":"JLEFtZFv8tG-RvtmSxe9v","workflowName":"batch mail imap","executionId":"84","nodeType":"n8n-nodes-base.manualTrigger","nodeName":"When clicking ‘Execute workflow’","nodeId":"26ec4e7b-085e-41fd-9b1b-42be7c7a0913"}}
{"__type":"$$EventMessageConfirm","confirm":"772a43b7-709a-4426-adfb-4bf9417a9dd8","ts":"2026-01-28T04:18:51.330-05:00","source":{"id":"0","name":"eventBus"}}
{"__type":"$$EventMessageNode","id":"396f3bd8-000a-439e-b10b-bca4df6f65ff","ts":"2026-01-28T04:18:51.331-05:00","eventName":"n8n.node.started","message":"n8n.node.started","payload":{"workflowId":"JLEFtZFv8tG-RvtmSxe9v","workflowName":"batch mail imap","executionId":"84","nodeType":"n8n-nodes-base.set","nodeName":"Edit Fields","nodeId":"208b81c7-600f-4e5b-8339-0900b7690667"}}
{"__type":"$$EventMessageConfirm","confirm":"396f3bd8-000a-439e-b10b-bca4df6f65ff","ts":"2026-01-28T04:18:51.331-05:00","source":{"id":"0","name":"eventBus"}}
{"__type":"$$EventMessageNode","id":"a8f2d2fd-0526-4b3e-94e7-03a8343fbb9f","ts":"2026-01-28T04:18:51.396-05:00","eventName":"n8n.node.finished","message":"n8n.node.finished","payload":{"workflowId":"JLEFtZFv8tG-RvtmSxe9v","workflowName":"batch mail imap","executionId":"84","nodeType":"n8n-nodes-base.set","nodeName":"Edit Fields","nodeId":"208b81c7-600f-4e5b-8339-0900b7690667"}}
{"__type":"$$EventMessageConfirm","confirm":"a8f2d2fd-0526-4b3e-94e7-03a8343fbb9f","ts":"2026-01-28T04:18:51.396-05:00","source":{"id":"0","name":"eventBus"}}
{"__type":"$$EventMessageWorkflow","id":"794333e1-7db3-4c3b-bb73-207b9f177139","ts":"2026-01-28T04:18:51.404-05:00","eventName":"n8n.workflow.success","message":"n8n.workflow.success","payload":{"userId":"062cdfef-118f-409e-b0bd-91f47e6d9df4","executionId":"84","success":true,"isManual":true,"workflowId":"JLEFtZFv8tG-RvtmSxe9v","workflowName":"batch mail imap"}}
{"__type":"$$EventMessageConfirm","confirm":"794333e1-7db3-4c3b-bb73-207b9f177139","ts":"2026-01-28T04:18:51.404-05:00","source":{"id":"0","name":"eventBus"}}
{"__type":"$$EventMessageWorkflow","id":"4e59bc3c-d12a-42a8-8d86-a848c7c40a48","ts":"2026-01-28T04:19:43.581-05:00","eventName":"n8n.workflow.failed","message":"n8n.workflow.failed","payload":{"userId":"062cdfef-118f-409e-b0bd-91f47e6d9df4","executionId":"85","success":false,"isManual":true,"workflowId":"JLEFtZFv8tG-RvtmSxe9v","workflowName":"batch mail imap","errorMessage":"The workflow has issues and cannot be executed for that reason. Please fix them first."}}
{"__type":"$$EventMessageConfirm","confirm":"4e59bc3c-d12a-42a8-8d86-a848c7c40a48","ts":"2026-01-28T04:19:43.581-05:00","source":{"id":"0","name":"eventBus"}}
{"__type":"$$EventMessageWorkflow","id":"f7308977-61cf-45e5-b138-abef6ae2d1e4","ts":"2026-01-28T04:20:59.952-05:00","eventName":"n8n.workflow.started","message":"n8n.workflow.started","payload":{"executionId":"86","workflowId":"JLEFtZFv8tG-RvtmSxe9v","isManual":false,"workflowName":"batch mail imap"}}
{"__type":"$$EventMessageConfirm","confirm":"f7308977-61cf-45e5-b138-abef6ae2d1e4","ts":"2026-01-28T04:20:59.952-05:00","source":{"id":"0","name":"eventBus"}}
{"__type":"$$EventMessageNode","id":"1f74af51-ec8f-40e5-8935-b087ab43a281","ts":"2026-01-28T04:20:59.953-05:00","eventName":"n8n.node.started","message":"n8n.node.started","payload":{"workflowId":"JLEFtZFv8tG-RvtmSxe9v","workflowName":"batch mail imap","executionId":"86","nodeType":"n8n-nodes-base.manualTrigger","nodeName":"When clicking ‘Execute workflow’","nodeId":"26ec4e7b-085e-41fd-9b1b-42be7c7a0913"}}
{"__type":"$$EventMessageConfirm","confirm":"1f74af51-ec8f-40e5-8935-b087ab43a281","ts":"2026-01-28T04:20:59.954-05:00","source":{"id":"0","name":"eventBus"}}
{"__type":"$$EventMessageNode","id":"b7173101-697f-4a6d-860b-cf5f122d7496","ts":"2026-01-28T04:20:59.954-05:00","eventName":"n8n.node.finished","message":"n8n.node.finished","payload":{"workflowId":"JLEFtZFv8tG-RvtmSxe9v","workflowName":"batch mail imap","executionId":"86","nodeType":"n8n-nodes-base.manualTrigger","nodeName":"When clicking ‘Execute workflow’","nodeId":"26ec4e7b-085e-41fd-9b1b-42be7c7a0913"}}
{"__type":"$$EventMessageConfirm","confirm":"b7173101-697f-4a6d-860b-cf5f122d7496","ts":"2026-01-28T04:20:59.955-05:00","source":{"id":"0","name":"eventBus"}}
{"__type":"$$EventMessageNode","id":"42b515d5-f3c5-445c-a986-d63ca48e8941","ts":"2026-01-28T04:20:59.956-05:00","eventName":"n8n.node.started","message":"n8n.node.started","payload":{"workflowId":"JLEFtZFv8tG-RvtmSxe9v","workflowName":"batch mail imap","executionId":"86","nodeType":"n8n-nodes-base.set","nodeName":"Edit Fields","nodeId":"208b81c7-600f-4e5b-8339-0900b7690667"}}
{"__type":"$$EventMessageConfirm","confirm":"42b515d5-f3c5-445c-a986-d63ca48e8941","ts":"2026-01-28T04:20:59.956-05:00","source":{"id":"0","name":"eventBus"}}
{"__type":"$$EventMessageNode","id":"ea11d80f-ed6b-41f5-9f4c-80c27bd4031f","ts":"2026-01-28T04:20:59.957-05:00","eventName":"n8n.node.finished","message":"n8n.node.finished","payload":{"workflowId":"JLEFtZFv8tG-RvtmSxe9v","workflowName":"batch mail imap","executionId":"86","nodeType":"n8n-nodes-base.set","nodeName":"Edit Fields","nodeId":"208b81c7-600f-4e5b-8339-0900b7690667"}}
{"__type":"$$EventMessageConfirm","confirm":"ea11d80f-ed6b-41f5-9f4c-80c27bd4031f","ts":"2026-01-28T04:20:59.957-05:00","source":{"id":"0","name":"eventBus"}}
{"__type":"$$EventMessageNode","id":"ac3805d9-6d19-49dd-9e21-bfbc9d63aae6","ts":"2026-01-28T04:20:59.958-05:00","eventName":"n8n.node.started","message":"n8n.node.started","payload":{"workflowId":"JLEFtZFv8tG-RvtmSxe9v","workflowName":"batch mail imap","executionId":"86","nodeType":"n8n-nodes-base.splitOut","nodeName":"Split Out","nodeId":"07a39f70-7a1c-4df0-9be2-46ad3a4154ac"}}
{"__type":"$$EventMessageConfirm","confirm":"ac3805d9-6d19-49dd-9e21-bfbc9d63aae6","ts":"2026-01-28T04:20:59.958-05:00","source":{"id":"0","name":"eventBus"}}
{"__type":"$$EventMessageNode","id":"7ba36be8-4fc2-4389-9b4c-b7608ca8c09d","ts":"2026-01-28T04:20:59.960-05:00","eventName":"n8n.node.finished","message":"n8n.node.finished","payload":{"workflowId":"JLEFtZFv8tG-RvtmSxe9v","workflowName":"batch mail imap","executionId":"86","nodeType":"n8n-nodes-base.splitOut","nodeName":"Split Out","nodeId":"07a39f70-7a1c-4df0-9be2-46ad3a4154ac"}}
{"__type":"$$EventMessageConfirm","confirm":"7ba36be8-4fc2-4389-9b4c-b7608ca8c09d","ts":"2026-01-28T04:20:59.961-05:00","source":{"id":"0","name":"eventBus"}}
{"__type":"$$EventMessageWorkflow","id":"d546b43b-1b65-469b-973c-a6057d396411","ts":"2026-01-28T04:20:59.964-05:00","eventName":"n8n.workflow.success","message":"n8n.workflow.success","payload":{"userId":"062cdfef-118f-409e-b0bd-91f47e6d9df4","executionId":"86","success":true,"isManual":true,"workflowId":"JLEFtZFv8tG-RvtmSxe9v","workflowName":"batch mail imap"}}
{"__type":"$$EventMessageConfirm","confirm":"d546b43b-1b65-469b-973c-a6057d396411","ts":"2026-01-28T04:20:59.965-05:00","source":{"id":"0","name":"eventBus"}}
{"__type":"$$EventMessageWorkflow","id":"239db074-8906-4d1c-8421-bd121fd729a8","ts":"2026-01-28T04:21:59.380-05:00","eventName":"n8n.workflow.started","message":"n8n.workflow.started","payload":{"executionId":"87","workflowId":"JLEFtZFv8tG-RvtmSxe9v","isManual":false,"workflowName":"batch mail imap"}}
{"__type":"$$EventMessageConfirm","confirm":"239db074-8906-4d1c-8421-bd121fd729a8","ts":"2026-01-28T04:21:59.380-05:00","source":{"id":"0","name":"eventBus"}}
{"__type":"$$EventMessageNode","id":"b750e2d9-b705-47bd-8b9e-4107b54973ec","ts":"2026-01-28T04:21:59.381-05:00","eventName":"n8n.node.started","message":"n8n.node.started","payload":{"workflowId":"JLEFtZFv8tG-RvtmSxe9v","workflowName":"batch mail imap","executionId":"87","nodeType":"n8n-nodes-base.splitInBatches","nodeName":"Loop Over Items","nodeId":"2c23e723-04dd-453d-97f8-60c2b946b187"}}
{"__type":"$$EventMessageConfirm","confirm":"b750e2d9-b705-47bd-8b9e-4107b54973ec","ts":"2026-01-28T04:21:59.381-05:00","source":{"id":"0","name":"eventBus"}}
{"__type":"$$EventMessageNode","id":"548f99a7-5db3-4376-b4f2-9c1b241f467d","ts":"2026-01-28T04:21:59.383-05:00","eventName":"n8n.node.finished","message":"n8n.node.finished","payload":{"workflowId":"JLEFtZFv8tG-RvtmSxe9v","workflowName":"batch mail imap","executionId":"87","nodeType":"n8n-nodes-base.splitInBatches","nodeName":"Loop Over Items","nodeId":"2c23e723-04dd-453d-97f8-60c2b946b187"}}
{"__type":"$$EventMessageConfirm","confirm":"548f99a7-5db3-4376-b4f2-9c1b241f467d","ts":"2026-01-28T04:21:59.383-05:00","source":{"id":"0","name":"eventBus"}}
{"__type":"$$EventMessageNode","id":"f3df415b-117e-41f8-ba78-f00677df5c50","ts":"2026-01-28T04:21:59.385-05:00","eventName":"n8n.node.started","message":"n8n.node.started","payload":{"workflowId":"JLEFtZFv8tG-RvtmSxe9v","workflowName":"batch mail imap","executionId":"87","nodeType":"n8n-nodes-base.postgres","nodeName":"Insert rows in a table","nodeId":"7a6a33df-2e9a-4445-a045-daaa61006379"}}
{"__type":"$$EventMessageConfirm","confirm":"f3df415b-117e-41f8-ba78-f00677df5c50","ts":"2026-01-28T04:21:59.385-05:00","source":{"id":"0","name":"eventBus"}}
{"__type":"$$EventMessageNode","id":"fe8463df-49cf-4e0a-baba-80be798b669b","ts":"2026-01-28T04:21:59.422-05:00","eventName":"n8n.node.finished","message":"n8n.node.finished","payload":{"workflowId":"JLEFtZFv8tG-RvtmSxe9v","workflowName":"batch mail imap","executionId":"87","nodeType":"n8n-nodes-base.postgres","nodeName":"Insert rows in a table","nodeId":"7a6a33df-2e9a-4445-a045-daaa61006379"}}
{"__type":"$$EventMessageConfirm","confirm":"fe8463df-49cf-4e0a-baba-80be798b669b","ts":"2026-01-28T04:21:59.422-05:00","source":{"id":"0","name":"eventBus"}}
{"__type":"$$EventMessageWorkflow","id":"44f58b5b-f6df-4996-9a75-d73cc95c6ccd","ts":"2026-01-28T04:21:59.424-05:00","eventName":"n8n.workflow.failed","message":"n8n.workflow.failed","payload":{"userId":"062cdfef-118f-409e-b0bd-91f47e6d9df4","executionId":"87","success":false,"isManual":true,"workflowId":"JLEFtZFv8tG-RvtmSxe9v","workflowName":"batch mail imap","lastNodeExecuted":"Insert rows in a table","errorNodeType":"n8n-nodes-base.postgres","errorMessage":"null value in column \"from_email\" of relation \"email_test\" violates not-null constraint"}}
{"__type":"$$EventMessageConfirm","confirm":"44f58b5b-f6df-4996-9a75-d73cc95c6ccd","ts":"2026-01-28T04:21:59.425-05:00","source":{"id":"0","name":"eventBus"}}
{"__type":"$$EventMessageWorkflow","id":"defcd12f-af5e-4010-8ef9-a46cf4b281c1","ts":"2026-01-28T04:26:32.747-05:00","eventName":"n8n.workflow.started","message":"n8n.workflow.started","payload":{"executionId":"88","workflowId":"JLEFtZFv8tG-RvtmSxe9v","isManual":false,"workflowName":"batch mail imap"}}
{"__type":"$$EventMessageConfirm","confirm":"defcd12f-af5e-4010-8ef9-a46cf4b281c1","ts":"2026-01-28T04:26:32.748-05:00","source":{"id":"0","name":"eventBus"}}
{"__type":"$$EventMessageNode","id":"bd88a93e-ed4d-4687-90ae-6296a74701b0","ts":"2026-01-28T04:26:32.749-05:00","eventName":"n8n.node.started","message":"n8n.node.started","payload":{"workflowId":"JLEFtZFv8tG-RvtmSxe9v","workflowName":"batch mail imap","executionId":"88","nodeType":"n8n-nodes-base.splitInBatches","nodeName":"Loop Over Items","nodeId":"2c23e723-04dd-453d-97f8-60c2b946b187"}}
{"__type":"$$EventMessageConfirm","confirm":"bd88a93e-ed4d-4687-90ae-6296a74701b0","ts":"2026-01-28T04:26:32.749-05:00","source":{"id":"0","name":"eventBus"}}
{"__type":"$$EventMessageNode","id":"9f45f54d-a2f6-43fb-b9f2-2a6da97b70c5","ts":"2026-01-28T04:26:32.750-05:00","eventName":"n8n.node.finished","message":"n8n.node.finished","payload":{"workflowId":"JLEFtZFv8tG-RvtmSxe9v","workflowName":"batch mail imap","executionId":"88","nodeType":"n8n-nodes-base.splitInBatches","nodeName":"Loop Over Items","nodeId":"2c23e723-04dd-453d-97f8-60c2b946b187"}}
{"__type":"$$EventMessageConfirm","confirm":"9f45f54d-a2f6-43fb-b9f2-2a6da97b70c5","ts":"2026-01-28T04:26:32.750-05:00","source":{"id":"0","name":"eventBus"}}
{"__type":"$$EventMessageNode","id":"16da0144-2cd9-4609-bb60-544f7f6c1d6e","ts":"2026-01-28T04:26:32.751-05:00","eventName":"n8n.node.started","message":"n8n.node.started","payload":{"workflowId":"JLEFtZFv8tG-RvtmSxe9v","workflowName":"batch mail imap","executionId":"88","nodeType":"n8n-nodes-base.postgres","nodeName":"Insert rows in a table","nodeId":"7a6a33df-2e9a-4445-a045-daaa61006379"}}
{"__type":"$$EventMessageConfirm","confirm":"16da0144-2cd9-4609-bb60-544f7f6c1d6e","ts":"2026-01-28T04:26:32.751-05:00","source":{"id":"0","name":"eventBus"}}
{"__type":"$$EventMessageNode","id":"49b05e5c-c8a5-4922-89e0-fc508d739a60","ts":"2026-01-28T04:26:32.815-05:00","eventName":"n8n.node.finished","message":"n8n.node.finished","payload":{"workflowId":"JLEFtZFv8tG-RvtmSxe9v","workflowName":"batch mail imap","executionId":"88","nodeType":"n8n-nodes-base.postgres","nodeName":"Insert rows in a table","nodeId":"7a6a33df-2e9a-4445-a045-daaa61006379"}}
{"__type":"$$EventMessageConfirm","confirm":"49b05e5c-c8a5-4922-89e0-fc508d739a60","ts":"2026-01-28T04:26:32.815-05:00","source":{"id":"0","name":"eventBus"}}
{"__type":"$$EventMessageWorkflow","id":"183cb9da-19c3-4e0d-9bcd-1eb5f064d8b6","ts":"2026-01-28T04:26:32.819-05:00","eventName":"n8n.workflow.success","message":"n8n.workflow.success","payload":{"userId":"062cdfef-118f-409e-b0bd-91f47e6d9df4","executionId":"88","success":true,"isManual":true,"workflowId":"JLEFtZFv8tG-RvtmSxe9v","workflowName":"batch mail imap"}}
{"__type":"$$EventMessageConfirm","confirm":"183cb9da-19c3-4e0d-9bcd-1eb5f064d8b6","ts":"2026-01-28T04:26:32.819-05:00","source":{"id":"0","name":"eventBus"}}
{"__type":"$$EventMessageWorkflow","id":"56f44522-eedd-42f3-9e52-53d1425b15dd","ts":"2026-01-28T04:27:13.016-05:00","eventName":"n8n.workflow.started","message":"n8n.workflow.started","payload":{"executionId":"89","workflowId":"JLEFtZFv8tG-RvtmSxe9v","isManual":false,"workflowName":"batch mail imap"}}
{"__type":"$$EventMessageConfirm","confirm":"56f44522-eedd-42f3-9e52-53d1425b15dd","ts":"2026-01-28T04:27:13.016-05:00","source":{"id":"0","name":"eventBus"}}
{"__type":"$$EventMessageNode","id":"eb7796ec-d63c-42e9-8bb3-806466aaae89","ts":"2026-01-28T04:27:13.017-05:00","eventName":"n8n.node.started","message":"n8n.node.started","payload":{"workflowId":"JLEFtZFv8tG-RvtmSxe9v","workflowName":"batch mail imap","executionId":"89","nodeType":"n8n-nodes-base.manualTrigger","nodeName":"When clicking ‘Execute workflow’","nodeId":"26ec4e7b-085e-41fd-9b1b-42be7c7a0913"}}
{"__type":"$$EventMessageConfirm","confirm":"eb7796ec-d63c-42e9-8bb3-806466aaae89","ts":"2026-01-28T04:27:13.017-05:00","source":{"id":"0","name":"eventBus"}}
{"__type":"$$EventMessageNode","id":"6658f360-3bab-4841-bd10-2566d64efba2","ts":"2026-01-28T04:27:13.018-05:00","eventName":"n8n.node.finished","message":"n8n.node.finished","payload":{"workflowId":"JLEFtZFv8tG-RvtmSxe9v","workflowName":"batch mail imap","executionId":"89","nodeType":"n8n-nodes-base.manualTrigger","nodeName":"When clicking ‘Execute workflow’","nodeId":"26ec4e7b-085e-41fd-9b1b-42be7c7a0913"}}
{"__type":"$$EventMessageConfirm","confirm":"6658f360-3bab-4841-bd10-2566d64efba2","ts":"2026-01-28T04:27:13.018-05:00","source":{"id":"0","name":"eventBus"}}
{"__type":"$$EventMessageNode","id":"d131afe4-3d2b-45db-a3da-84a0121efb5b","ts":"2026-01-28T04:27:13.018-05:00","eventName":"n8n.node.started","message":"n8n.node.started","payload":{"workflowId":"JLEFtZFv8tG-RvtmSxe9v","workflowName":"batch mail imap","executionId":"89","nodeType":"n8n-nodes-base.set","nodeName":"Edit Fields","nodeId":"208b81c7-600f-4e5b-8339-0900b7690667"}}
{"__type":"$$EventMessageConfirm","confirm":"d131afe4-3d2b-45db-a3da-84a0121efb5b","ts":"2026-01-28T04:27:13.019-05:00","source":{"id":"0","name":"eventBus"}}
{"__type":"$$EventMessageNode","id":"64664d7b-14f5-46c7-98b7-a1ac692d5072","ts":"2026-01-28T04:27:13.019-05:00","eventName":"n8n.node.finished","message":"n8n.node.finished","payload":{"workflowId":"JLEFtZFv8tG-RvtmSxe9v","workflowName":"batch mail imap","executionId":"89","nodeType":"n8n-nodes-base.set","nodeName":"Edit Fields","nodeId":"208b81c7-600f-4e5b-8339-0900b7690667"}}
{"__type":"$$EventMessageConfirm","confirm":"64664d7b-14f5-46c7-98b7-a1ac692d5072","ts":"2026-01-28T04:27:13.019-05:00","source":{"id":"0","name":"eventBus"}}
{"__type":"$$EventMessageNode","id":"05448471-dd3b-428e-8aa5-cdf377726725","ts":"2026-01-28T04:27:13.019-05:00","eventName":"n8n.node.started","message":"n8n.node.started","payload":{"workflowId":"JLEFtZFv8tG-RvtmSxe9v","workflowName":"batch mail imap","executionId":"89","nodeType":"n8n-nodes-base.splitOut","nodeName":"Split Out","nodeId":"07a39f70-7a1c-4df0-9be2-46ad3a4154ac"}}
{"__type":"$$EventMessageConfirm","confirm":"05448471-dd3b-428e-8aa5-cdf377726725","ts":"2026-01-28T04:27:13.019-05:00","source":{"id":"0","name":"eventBus"}}
{"__type":"$$EventMessageNode","id":"7f3809b0-41de-4979-9b03-6ff542df7f6a","ts":"2026-01-28T04:27:13.021-05:00","eventName":"n8n.node.finished","message":"n8n.node.finished","payload":{"workflowId":"JLEFtZFv8tG-RvtmSxe9v","workflowName":"batch mail imap","executionId":"89","nodeType":"n8n-nodes-base.splitOut","nodeName":"Split Out","nodeId":"07a39f70-7a1c-4df0-9be2-46ad3a4154ac"}}
{"__type":"$$EventMessageConfirm","confirm":"7f3809b0-41de-4979-9b03-6ff542df7f6a","ts":"2026-01-28T04:27:13.021-05:00","source":{"id":"0","name":"eventBus"}}
{"__type":"$$EventMessageNode","id":"394dc496-84a8-4694-b073-968e2253c8d0","ts":"2026-01-28T04:27:13.021-05:00","eventName":"n8n.node.started","message":"n8n.node.started","payload":{"workflowId":"JLEFtZFv8tG-RvtmSxe9v","workflowName":"batch mail imap","executionId":"89","nodeType":"n8n-nodes-base.splitInBatches","nodeName":"Loop Over Items","nodeId":"2c23e723-04dd-453d-97f8-60c2b946b187"}}
{"__type":"$$EventMessageConfirm","confirm":"394dc496-84a8-4694-b073-968e2253c8d0","ts":"2026-01-28T04:27:13.021-05:00","source":{"id":"0","name":"eventBus"}}
{"__type":"$$EventMessageNode","id":"c726f5d9-67c9-4c25-bb03-acf7e0ab4de3","ts":"2026-01-28T04:27:13.022-05:00","eventName":"n8n.node.finished","message":"n8n.node.finished","payload":{"workflowId":"JLEFtZFv8tG-RvtmSxe9v","workflowName":"batch mail imap","executionId":"89","nodeType":"n8n-nodes-base.splitInBatches","nodeName":"Loop Over Items","nodeId":"2c23e723-04dd-453d-97f8-60c2b946b187"}}
{"__type":"$$EventMessageConfirm","confirm":"c726f5d9-67c9-4c25-bb03-acf7e0ab4de3","ts":"2026-01-28T04:27:13.022-05:00","source":{"id":"0","name":"eventBus"}}
{"__type":"$$EventMessageNode","id":"5d042e11-f8f0-4ab7-9896-8d598d8e8ec0","ts":"2026-01-28T04:27:13.022-05:00","eventName":"n8n.node.started","message":"n8n.node.started","payload":{"workflowId":"JLEFtZFv8tG-RvtmSxe9v","workflowName":"batch mail imap","executionId":"89","nodeType":"n8n-nodes-base.postgres","nodeName":"Insert rows in a table","nodeId":"7a6a33df-2e9a-4445-a045-daaa61006379"}}
{"__type":"$$EventMessageConfirm","confirm":"5d042e11-f8f0-4ab7-9896-8d598d8e8ec0","ts":"2026-01-28T04:27:13.022-05:00","source":{"id":"0","name":"eventBus"}}
{"__type":"$$EventMessageNode","id":"f7bc0e33-8b5d-45ac-a28a-448a232a8146","ts":"2026-01-28T04:27:13.045-05:00","eventName":"n8n.node.finished","message":"n8n.node.finished","payload":{"workflowId":"JLEFtZFv8tG-RvtmSxe9v","workflowName":"batch mail imap","executionId":"89","nodeType":"n8n-nodes-base.postgres","nodeName":"Insert rows in a table","nodeId":"7a6a33df-2e9a-4445-a045-daaa61006379"}}
{"__type":"$$EventMessageConfirm","confirm":"f7bc0e33-8b5d-45ac-a28a-448a232a8146","ts":"2026-01-28T04:27:13.046-05:00","source":{"id":"0","name":"eventBus"}}
{"__type":"$$EventMessageWorkflow","id":"a495838e-40d3-452d-9c62-4cb5e77c496d","ts":"2026-01-28T04:27:13.049-05:00","eventName":"n8n.workflow.failed","message":"n8n.workflow.failed","payload":{"userId":"062cdfef-118f-409e-b0bd-91f47e6d9df4","executionId":"89","success":false,"isManual":true,"workflowId":"JLEFtZFv8tG-RvtmSxe9v","workflowName":"batch mail imap","lastNodeExecuted":"Insert rows in a table","errorNodeType":"n8n-nodes-base.postgres","errorMessage":"duplicate key value violates unique constraint \"email_test_pkey\""}}
{"__type":"$$EventMessageConfirm","confirm":"a495838e-40d3-452d-9c62-4cb5e77c496d","ts":"2026-01-28T04:27:13.049-05:00","source":{"id":"0","name":"eventBus"}}
{"__type":"$$EventMessageWorkflow","id":"27a50057-9f58-48f1-804a-8e9ee15a2fb2","ts":"2026-01-28T04:27:30.030-05:00","eventName":"n8n.workflow.started","message":"n8n.workflow.started","payload":{"executionId":"90","workflowId":"JLEFtZFv8tG-RvtmSxe9v","isManual":false,"workflowName":"batch mail imap"}}
{"__type":"$$EventMessageConfirm","confirm":"27a50057-9f58-48f1-804a-8e9ee15a2fb2","ts":"2026-01-28T04:27:30.031-05:00","source":{"id":"0","name":"eventBus"}}
{"__type":"$$EventMessageNode","id":"522faf42-9947-4bb6-9c17-dcf5f9d3a4d3","ts":"2026-01-28T04:27:30.031-05:00","eventName":"n8n.node.started","message":"n8n.node.started","payload":{"workflowId":"JLEFtZFv8tG-RvtmSxe9v","workflowName":"batch mail imap","executionId":"90","nodeType":"n8n-nodes-base.manualTrigger","nodeName":"When clicking ‘Execute workflow’","nodeId":"26ec4e7b-085e-41fd-9b1b-42be7c7a0913"}}
{"__type":"$$EventMessageConfirm","confirm":"522faf42-9947-4bb6-9c17-dcf5f9d3a4d3","ts":"2026-01-28T04:27:30.031-05:00","source":{"id":"0","name":"eventBus"}}
{"__type":"$$EventMessageNode","id":"c229653f-bd71-473b-a27f-d22fff2cbe8b","ts":"2026-01-28T04:27:30.032-05:00","eventName":"n8n.node.finished","message":"n8n.node.finished","payload":{"workflowId":"JLEFtZFv8tG-RvtmSxe9v","workflowName":"batch mail imap","executionId":"90","nodeType":"n8n-nodes-base.manualTrigger","nodeName":"When clicking ‘Execute workflow’","nodeId":"26ec4e7b-085e-41fd-9b1b-42be7c7a0913"}}
{"__type":"$$EventMessageConfirm","confirm":"c229653f-bd71-473b-a27f-d22fff2cbe8b","ts":"2026-01-28T04:27:30.033-05:00","source":{"id":"0","name":"eventBus"}}
{"__type":"$$EventMessageNode","id":"9a065a00-cc6e-453c-8d6f-8159569af162","ts":"2026-01-28T04:27:30.034-05:00","eventName":"n8n.node.started","message":"n8n.node.started","payload":{"workflowId":"JLEFtZFv8tG-RvtmSxe9v","workflowName":"batch mail imap","executionId":"90","nodeType":"n8n-nodes-base.set","nodeName":"Edit Fields","nodeId":"208b81c7-600f-4e5b-8339-0900b7690667"}}
{"__type":"$$EventMessageConfirm","confirm":"9a065a00-cc6e-453c-8d6f-8159569af162","ts":"2026-01-28T04:27:30.034-05:00","source":{"id":"0","name":"eventBus"}}
{"__type":"$$EventMessageNode","id":"823db167-60c1-40d9-945a-689671d976cc","ts":"2026-01-28T04:27:30.034-05:00","eventName":"n8n.node.finished","message":"n8n.node.finished","payload":{"workflowId":"JLEFtZFv8tG-RvtmSxe9v","workflowName":"batch mail imap","executionId":"90","nodeType":"n8n-nodes-base.set","nodeName":"Edit Fields","nodeId":"208b81c7-600f-4e5b-8339-0900b7690667"}}
{"__type":"$$EventMessageConfirm","confirm":"823db167-60c1-40d9-945a-689671d976cc","ts":"2026-01-28T04:27:30.034-05:00","source":{"id":"0","name":"eventBus"}}
{"__type":"$$EventMessageNode","id":"3ca9adbd-b5b9-4726-bae2-7c3945225347","ts":"2026-01-28T04:27:30.035-05:00","eventName":"n8n.node.started","message":"n8n.node.started","payload":{"workflowId":"JLEFtZFv8tG-RvtmSxe9v","workflowName":"batch mail imap","executionId":"90","nodeType":"n8n-nodes-base.splitOut","nodeName":"Split Out","nodeId":"07a39f70-7a1c-4df0-9be2-46ad3a4154ac"}}
{"__type":"$$EventMessageConfirm","confirm":"3ca9adbd-b5b9-4726-bae2-7c3945225347","ts":"2026-01-28T04:27:30.035-05:00","source":{"id":"0","name":"eventBus"}}
{"__type":"$$EventMessageNode","id":"5dbdbe61-9712-4557-b3c8-d2a4698425e1","ts":"2026-01-28T04:27:30.036-05:00","eventName":"n8n.node.finished","message":"n8n.node.finished","payload":{"workflowId":"JLEFtZFv8tG-RvtmSxe9v","workflowName":"batch mail imap","executionId":"90","nodeType":"n8n-nodes-base.splitOut","nodeName":"Split Out","nodeId":"07a39f70-7a1c-4df0-9be2-46ad3a4154ac"}}
{"__type":"$$EventMessageConfirm","confirm":"5dbdbe61-9712-4557-b3c8-d2a4698425e1","ts":"2026-01-28T04:27:30.036-05:00","source":{"id":"0","name":"eventBus"}}
{"__type":"$$EventMessageNode","id":"61161f03-2760-4576-80a8-08d14971a042","ts":"2026-01-28T04:27:30.036-05:00","eventName":"n8n.node.started","message":"n8n.node.started","payload":{"workflowId":"JLEFtZFv8tG-RvtmSxe9v","workflowName":"batch mail imap","executionId":"90","nodeType":"n8n-nodes-base.splitInBatches","nodeName":"Loop Over Items","nodeId":"2c23e723-04dd-453d-97f8-60c2b946b187"}}
{"__type":"$$EventMessageConfirm","confirm":"61161f03-2760-4576-80a8-08d14971a042","ts":"2026-01-28T04:27:30.036-05:00","source":{"id":"0","name":"eventBus"}}
{"__type":"$$EventMessageNode","id":"242e681b-6ddf-4f3c-9221-f3dd41efc5f4","ts":"2026-01-28T04:27:30.037-05:00","eventName":"n8n.node.finished","message":"n8n.node.finished","payload":{"workflowId":"JLEFtZFv8tG-RvtmSxe9v","workflowName":"batch mail imap","executionId":"90","nodeType":"n8n-nodes-base.splitInBatches","nodeName":"Loop Over Items","nodeId":"2c23e723-04dd-453d-97f8-60c2b946b187"}}
{"__type":"$$EventMessageConfirm","confirm":"242e681b-6ddf-4f3c-9221-f3dd41efc5f4","ts":"2026-01-28T04:27:30.037-05:00","source":{"id":"0","name":"eventBus"}}
{"__type":"$$EventMessageNode","id":"70ebede3-f4a0-47d1-93dd-fa6c012910d5","ts":"2026-01-28T04:27:30.037-05:00","eventName":"n8n.node.started","message":"n8n.node.started","payload":{"workflowId":"JLEFtZFv8tG-RvtmSxe9v","workflowName":"batch mail imap","executionId":"90","nodeType":"n8n-nodes-base.postgres","nodeName":"Insert rows in a table","nodeId":"7a6a33df-2e9a-4445-a045-daaa61006379"}}
{"__type":"$$EventMessageConfirm","confirm":"70ebede3-f4a0-47d1-93dd-fa6c012910d5","ts":"2026-01-28T04:27:30.037-05:00","source":{"id":"0","name":"eventBus"}}
{"__type":"$$EventMessageNode","id":"239146f9-5b66-4f8b-935f-b40b07e62040","ts":"2026-01-28T04:27:30.057-05:00","eventName":"n8n.node.finished","message":"n8n.node.finished","payload":{"workflowId":"JLEFtZFv8tG-RvtmSxe9v","workflowName":"batch mail imap","executionId":"90","nodeType":"n8n-nodes-base.postgres","nodeName":"Insert rows in a table","nodeId":"7a6a33df-2e9a-4445-a045-daaa61006379"}}
{"__type":"$$EventMessageConfirm","confirm":"239146f9-5b66-4f8b-935f-b40b07e62040","ts":"2026-01-28T04:27:30.057-05:00","source":{"id":"0","name":"eventBus"}}
{"__type":"$$EventMessageNode","id":"8e3b3dc9-e40c-4b1b-ba7d-87fbf838f8a1","ts":"2026-01-28T04:27:30.058-05:00","eventName":"n8n.node.started","message":"n8n.node.started","payload":{"workflowId":"JLEFtZFv8tG-RvtmSxe9v","workflowName":"batch mail imap","executionId":"90","nodeType":"n8n-nodes-base.splitInBatches","nodeName":"Loop Over Items","nodeId":"2c23e723-04dd-453d-97f8-60c2b946b187"}}
{"__type":"$$EventMessageConfirm","confirm":"8e3b3dc9-e40c-4b1b-ba7d-87fbf838f8a1","ts":"2026-01-28T04:27:30.058-05:00","source":{"id":"0","name":"eventBus"}}
{"__type":"$$EventMessageNode","id":"d4a9487e-bb61-4aa8-875d-9f053463c25d","ts":"2026-01-28T04:27:30.059-05:00","eventName":"n8n.node.finished","message":"n8n.node.finished","payload":{"workflowId":"JLEFtZFv8tG-RvtmSxe9v","workflowName":"batch mail imap","executionId":"90","nodeType":"n8n-nodes-base.splitInBatches","nodeName":"Loop Over Items","nodeId":"2c23e723-04dd-453d-97f8-60c2b946b187"}}
{"__type":"$$EventMessageConfirm","confirm":"d4a9487e-bb61-4aa8-875d-9f053463c25d","ts":"2026-01-28T04:27:30.059-05:00","source":{"id":"0","name":"eventBus"}}
{"__type":"$$EventMessageNode","id":"f97290b6-10a8-4b8a-a969-55b33463ec43","ts":"2026-01-28T04:27:30.059-05:00","eventName":"n8n.node.started","message":"n8n.node.started","payload":{"workflowId":"JLEFtZFv8tG-RvtmSxe9v","workflowName":"batch mail imap","executionId":"90","nodeType":"n8n-nodes-base.postgres","nodeName":"Insert rows in a table","nodeId":"7a6a33df-2e9a-4445-a045-daaa61006379"}}
{"__type":"$$EventMessageConfirm","confirm":"f97290b6-10a8-4b8a-a969-55b33463ec43","ts":"2026-01-28T04:27:30.059-05:00","source":{"id":"0","name":"eventBus"}}
{"__type":"$$EventMessageNode","id":"8a1a32f4-6625-4857-ae9f-0c2e3a0b5b35","ts":"2026-01-28T04:27:30.070-05:00","eventName":"n8n.node.finished","message":"n8n.node.finished","payload":{"workflowId":"JLEFtZFv8tG-RvtmSxe9v","workflowName":"batch mail imap","executionId":"90","nodeType":"n8n-nodes-base.postgres","nodeName":"Insert rows in a table","nodeId":"7a6a33df-2e9a-4445-a045-daaa61006379"}}
{"__type":"$$EventMessageConfirm","confirm":"8a1a32f4-6625-4857-ae9f-0c2e3a0b5b35","ts":"2026-01-28T04:27:30.071-05:00","source":{"id":"0","name":"eventBus"}}
{"__type":"$$EventMessageWorkflow","id":"b91640ee-0b33-47fa-9952-fb288b88b7f4","ts":"2026-01-28T04:27:30.073-05:00","eventName":"n8n.workflow.failed","message":"n8n.workflow.failed","payload":{"userId":"062cdfef-118f-409e-b0bd-91f47e6d9df4","executionId":"90","success":false,"isManual":true,"workflowId":"JLEFtZFv8tG-RvtmSxe9v","workflowName":"batch mail imap","lastNodeExecuted":"Insert rows in a table","errorNodeType":"n8n-nodes-base.postgres","errorMessage":"duplicate key value violates unique constraint \"email_test_pkey\""}}
{"__type":"$$EventMessageConfirm","confirm":"b91640ee-0b33-47fa-9952-fb288b88b7f4","ts":"2026-01-28T04:27:30.074-05:00","source":{"id":"0","name":"eventBus"}}
{"__type":"$$EventMessageWorkflow","id":"0b33ac14-bc83-4044-a7df-9a602bcfab5e","ts":"2026-01-28T04:27:43.638-05:00","eventName":"n8n.workflow.started","message":"n8n.workflow.started","payload":{"executionId":"91","workflowId":"JLEFtZFv8tG-RvtmSxe9v","isManual":false,"workflowName":"batch mail imap"}}
{"__type":"$$EventMessageConfirm","confirm":"0b33ac14-bc83-4044-a7df-9a602bcfab5e","ts":"2026-01-28T04:27:43.638-05:00","source":{"id":"0","name":"eventBus"}}
{"__type":"$$EventMessageNode","id":"853c0b18-8e9f-4d6d-b446-70c076e6ff4a","ts":"2026-01-28T04:27:43.639-05:00","eventName":"n8n.node.started","message":"n8n.node.started","payload":{"workflowId":"JLEFtZFv8tG-RvtmSxe9v","workflowName":"batch mail imap","executionId":"91","nodeType":"n8n-nodes-base.manualTrigger","nodeName":"When clicking ‘Execute workflow’","nodeId":"26ec4e7b-085e-41fd-9b1b-42be7c7a0913"}}
{"__type":"$$EventMessageConfirm","confirm":"853c0b18-8e9f-4d6d-b446-70c076e6ff4a","ts":"2026-01-28T04:27:43.639-05:00","source":{"id":"0","name":"eventBus"}}
{"__type":"$$EventMessageNode","id":"7f99ccd2-8ad5-4508-9a3d-a8ad28d065b9","ts":"2026-01-28T04:27:43.639-05:00","eventName":"n8n.node.finished","message":"n8n.node.finished","payload":{"workflowId":"JLEFtZFv8tG-RvtmSxe9v","workflowName":"batch mail imap","executionId":"91","nodeType":"n8n-nodes-base.manualTrigger","nodeName":"When clicking ‘Execute workflow’","nodeId":"26ec4e7b-085e-41fd-9b1b-42be7c7a0913"}}
{"__type":"$$EventMessageConfirm","confirm":"7f99ccd2-8ad5-4508-9a3d-a8ad28d065b9","ts":"2026-01-28T04:27:43.640-05:00","source":{"id":"0","name":"eventBus"}}
{"__type":"$$EventMessageNode","id":"28e6070a-eebf-45db-be15-9d980af2d6e4","ts":"2026-01-28T04:27:43.641-05:00","eventName":"n8n.node.started","message":"n8n.node.started","payload":{"workflowId":"JLEFtZFv8tG-RvtmSxe9v","workflowName":"batch mail imap","executionId":"91","nodeType":"n8n-nodes-base.set","nodeName":"Edit Fields","nodeId":"208b81c7-600f-4e5b-8339-0900b7690667"}}
{"__type":"$$EventMessageConfirm","confirm":"28e6070a-eebf-45db-be15-9d980af2d6e4","ts":"2026-01-28T04:27:43.642-05:00","source":{"id":"0","name":"eventBus"}}
{"__type":"$$EventMessageNode","id":"6b6f3910-5102-4dc3-a710-1dea54e7f6dc","ts":"2026-01-28T04:27:43.642-05:00","eventName":"n8n.node.finished","message":"n8n.node.finished","payload":{"workflowId":"JLEFtZFv8tG-RvtmSxe9v","workflowName":"batch mail imap","executionId":"91","nodeType":"n8n-nodes-base.set","nodeName":"Edit Fields","nodeId":"208b81c7-600f-4e5b-8339-0900b7690667"}}
{"__type":"$$EventMessageConfirm","confirm":"6b6f3910-5102-4dc3-a710-1dea54e7f6dc","ts":"2026-01-28T04:27:43.642-05:00","source":{"id":"0","name":"eventBus"}}
{"__type":"$$EventMessageNode","id":"a810f9f3-0bca-4be1-8661-381bdc380111","ts":"2026-01-28T04:27:43.643-05:00","eventName":"n8n.node.started","message":"n8n.node.started","payload":{"workflowId":"JLEFtZFv8tG-RvtmSxe9v","workflowName":"batch mail imap","executionId":"91","nodeType":"n8n-nodes-base.splitOut","nodeName":"Split Out","nodeId":"07a39f70-7a1c-4df0-9be2-46ad3a4154ac"}}
{"__type":"$$EventMessageConfirm","confirm":"a810f9f3-0bca-4be1-8661-381bdc380111","ts":"2026-01-28T04:27:43.643-05:00","source":{"id":"0","name":"eventBus"}}
{"__type":"$$EventMessageNode","id":"43477e2c-04b5-4faa-b12f-c0b607efedf5","ts":"2026-01-28T04:27:43.644-05:00","eventName":"n8n.node.finished","message":"n8n.node.finished","payload":{"workflowId":"JLEFtZFv8tG-RvtmSxe9v","workflowName":"batch mail imap","executionId":"91","nodeType":"n8n-nodes-base.splitOut","nodeName":"Split Out","nodeId":"07a39f70-7a1c-4df0-9be2-46ad3a4154ac"}}
{"__type":"$$EventMessageConfirm","confirm":"43477e2c-04b5-4faa-b12f-c0b607efedf5","ts":"2026-01-28T04:27:43.644-05:00","source":{"id":"0","name":"eventBus"}}
{"__type":"$$EventMessageNode","id":"6938e00d-f592-458f-a438-aeb50f273738","ts":"2026-01-28T04:27:43.645-05:00","eventName":"n8n.node.started","message":"n8n.node.started","payload":{"workflowId":"JLEFtZFv8tG-RvtmSxe9v","workflowName":"batch mail imap","executionId":"91","nodeType":"n8n-nodes-base.splitInBatches","nodeName":"Loop Over Items","nodeId":"2c23e723-04dd-453d-97f8-60c2b946b187"}}
{"__type":"$$EventMessageConfirm","confirm":"6938e00d-f592-458f-a438-aeb50f273738","ts":"2026-01-28T04:27:43.645-05:00","source":{"id":"0","name":"eventBus"}}
{"__type":"$$EventMessageNode","id":"f0599e93-d357-42ba-aed4-b4d81033b204","ts":"2026-01-28T04:27:43.646-05:00","eventName":"n8n.node.finished","message":"n8n.node.finished","payload":{"workflowId":"JLEFtZFv8tG-RvtmSxe9v","workflowName":"batch mail imap","executionId":"91","nodeType":"n8n-nodes-base.splitInBatches","nodeName":"Loop Over Items","nodeId":"2c23e723-04dd-453d-97f8-60c2b946b187"}}
{"__type":"$$EventMessageConfirm","confirm":"f0599e93-d357-42ba-aed4-b4d81033b204","ts":"2026-01-28T04:27:43.646-05:00","source":{"id":"0","name":"eventBus"}}
{"__type":"$$EventMessageNode","id":"d119721a-04b1-4fe2-af58-da3ae272c039","ts":"2026-01-28T04:27:43.647-05:00","eventName":"n8n.node.started","message":"n8n.node.started","payload":{"workflowId":"JLEFtZFv8tG-RvtmSxe9v","workflowName":"batch mail imap","executionId":"91","nodeType":"n8n-nodes-base.postgres","nodeName":"Insert rows in a table","nodeId":"7a6a33df-2e9a-4445-a045-daaa61006379"}}
{"__type":"$$EventMessageConfirm","confirm":"d119721a-04b1-4fe2-af58-da3ae272c039","ts":"2026-01-28T04:27:43.647-05:00","source":{"id":"0","name":"eventBus"}}
{"__type":"$$EventMessageNode","id":"d0c9ebfc-efed-4e74-8f09-5eaecfa7278c","ts":"2026-01-28T04:27:43.672-05:00","eventName":"n8n.node.finished","message":"n8n.node.finished","payload":{"workflowId":"JLEFtZFv8tG-RvtmSxe9v","workflowName":"batch mail imap","executionId":"91","nodeType":"n8n-nodes-base.postgres","nodeName":"Insert rows in a table","nodeId":"7a6a33df-2e9a-4445-a045-daaa61006379"}}
{"__type":"$$EventMessageConfirm","confirm":"d0c9ebfc-efed-4e74-8f09-5eaecfa7278c","ts":"2026-01-28T04:27:43.672-05:00","source":{"id":"0","name":"eventBus"}}
{"__type":"$$EventMessageNode","id":"86e52ebe-08cf-42ae-bb12-06bb4afe8ba7","ts":"2026-01-28T04:27:43.673-05:00","eventName":"n8n.node.started","message":"n8n.node.started","payload":{"workflowId":"JLEFtZFv8tG-RvtmSxe9v","workflowName":"batch mail imap","executionId":"91","nodeType":"n8n-nodes-base.splitInBatches","nodeName":"Loop Over Items","nodeId":"2c23e723-04dd-453d-97f8-60c2b946b187"}}
{"__type":"$$EventMessageConfirm","confirm":"86e52ebe-08cf-42ae-bb12-06bb4afe8ba7","ts":"2026-01-28T04:27:43.673-05:00","source":{"id":"0","name":"eventBus"}}
{"__type":"$$EventMessageNode","id":"ef587204-6e3a-4aa3-b284-1d98675ef864","ts":"2026-01-28T04:27:43.673-05:00","eventName":"n8n.node.finished","message":"n8n.node.finished","payload":{"workflowId":"JLEFtZFv8tG-RvtmSxe9v","workflowName":"batch mail imap","executionId":"91","nodeType":"n8n-nodes-base.splitInBatches","nodeName":"Loop Over Items","nodeId":"2c23e723-04dd-453d-97f8-60c2b946b187"}}
{"__type":"$$EventMessageConfirm","confirm":"ef587204-6e3a-4aa3-b284-1d98675ef864","ts":"2026-01-28T04:27:43.673-05:00","source":{"id":"0","name":"eventBus"}}
{"__type":"$$EventMessageNode","id":"fe6f7820-3807-48ad-a8e2-8a697e421edc","ts":"2026-01-28T04:27:43.674-05:00","eventName":"n8n.node.started","message":"n8n.node.started","payload":{"workflowId":"JLEFtZFv8tG-RvtmSxe9v","workflowName":"batch mail imap","executionId":"91","nodeType":"n8n-nodes-base.postgres","nodeName":"Insert rows in a table","nodeId":"7a6a33df-2e9a-4445-a045-daaa61006379"}}
{"__type":"$$EventMessageConfirm","confirm":"fe6f7820-3807-48ad-a8e2-8a697e421edc","ts":"2026-01-28T04:27:43.674-05:00","source":{"id":"0","name":"eventBus"}}
{"__type":"$$EventMessageNode","id":"25133559-4407-4d4a-8eae-6df1a4b49f1c","ts":"2026-01-28T04:27:43.681-05:00","eventName":"n8n.node.finished","message":"n8n.node.finished","payload":{"workflowId":"JLEFtZFv8tG-RvtmSxe9v","workflowName":"batch mail imap","executionId":"91","nodeType":"n8n-nodes-base.postgres","nodeName":"Insert rows in a table","nodeId":"7a6a33df-2e9a-4445-a045-daaa61006379"}}
{"__type":"$$EventMessageConfirm","confirm":"25133559-4407-4d4a-8eae-6df1a4b49f1c","ts":"2026-01-28T04:27:43.681-05:00","source":{"id":"0","name":"eventBus"}}
{"__type":"$$EventMessageWorkflow","id":"0af92cbf-8bcd-4067-86e5-a1666f270a1d","ts":"2026-01-28T04:27:43.685-05:00","eventName":"n8n.workflow.failed","message":"n8n.workflow.failed","payload":{"userId":"062cdfef-118f-409e-b0bd-91f47e6d9df4","executionId":"91","success":false,"isManual":true,"workflowId":"JLEFtZFv8tG-RvtmSxe9v","workflowName":"batch mail imap","lastNodeExecuted":"Insert rows in a table","errorNodeType":"n8n-nodes-base.postgres","errorMessage":"duplicate key value violates unique constraint \"email_test_pkey\""}}
{"__type":"$$EventMessageConfirm","confirm":"0af92cbf-8bcd-4067-86e5-a1666f270a1d","ts":"2026-01-28T04:27:43.685-05:00","source":{"id":"0","name":"eventBus"}}
{"__type":"$$EventMessageAudit","id":"26579df4-b2c5-448f-a395-84e63a355f13","ts":"2026-01-28T04:27:53.815-05:00","eventName":"n8n.audit.workflow.updated","message":"n8n.audit.workflow.updated","payload":{"userId":"062cdfef-118f-409e-b0bd-91f47e6d9df4","_email":"admin@example.com","_firstName":"Admin","_lastName":"Admin","globalRole":"global:owner","workflowId":"JLEFtZFv8tG-RvtmSxe9v","workflowName":"batch mail imap"}}
{"__type":"$$EventMessageConfirm","confirm":"26579df4-b2c5-448f-a395-84e63a355f13","ts":"2026-01-28T04:27:53.815-05:00","source":{"id":"0","name":"eventBus"}}
{"__type":"$$EventMessageWorkflow","id":"702c6562-06b5-4e53-ae4c-d7338c5e58d9","ts":"2026-01-28T04:29:05.443-05:00","eventName":"n8n.workflow.started","message":"n8n.workflow.started","payload":{"executionId":"92","workflowId":"JLEFtZFv8tG-RvtmSxe9v","isManual":false,"workflowName":"batch mail imap"}}
{"__type":"$$EventMessageConfirm","confirm":"702c6562-06b5-4e53-ae4c-d7338c5e58d9","ts":"2026-01-28T04:29:05.443-05:00","source":{"id":"0","name":"eventBus"}}
{"__type":"$$EventMessageNode","id":"fd4040e2-bb8e-43b5-89c9-c45b221ffc03","ts":"2026-01-28T04:29:05.444-05:00","eventName":"n8n.node.started","message":"n8n.node.started","payload":{"workflowId":"JLEFtZFv8tG-RvtmSxe9v","workflowName":"batch mail imap","executionId":"92","nodeType":"n8n-nodes-base.postgres","nodeName":"Select rows from a table","nodeId":"8c45281a-a0f1-4577-a1b6-2a35d852377b"}}
{"__type":"$$EventMessageConfirm","confirm":"fd4040e2-bb8e-43b5-89c9-c45b221ffc03","ts":"2026-01-28T04:29:05.444-05:00","source":{"id":"0","name":"eventBus"}}
{"__type":"$$EventMessageNode","id":"95994698-2b87-42db-896d-8ea37c02531e","ts":"2026-01-28T04:29:05.461-05:00","eventName":"n8n.node.finished","message":"n8n.node.finished","payload":{"workflowId":"JLEFtZFv8tG-RvtmSxe9v","workflowName":"batch mail imap","executionId":"92","nodeType":"n8n-nodes-base.postgres","nodeName":"Select rows from a table","nodeId":"8c45281a-a0f1-4577-a1b6-2a35d852377b"}}
{"__type":"$$EventMessageConfirm","confirm":"95994698-2b87-42db-896d-8ea37c02531e","ts":"2026-01-28T04:29:05.461-05:00","source":{"id":"0","name":"eventBus"}}
{"__type":"$$EventMessageWorkflow","id":"8b8458e5-37c7-466e-a11d-69793b3f24e9","ts":"2026-01-28T04:29:05.464-05:00","eventName":"n8n.workflow.success","message":"n8n.workflow.success","payload":{"userId":"062cdfef-118f-409e-b0bd-91f47e6d9df4","executionId":"92","success":true,"isManual":true,"workflowId":"JLEFtZFv8tG-RvtmSxe9v","workflowName":"batch mail imap"}}
{"__type":"$$EventMessageConfirm","confirm":"8b8458e5-37c7-466e-a11d-69793b3f24e9","ts":"2026-01-28T04:29:05.464-05:00","source":{"id":"0","name":"eventBus"}}
{"__type":"$$EventMessageAudit","id":"04d7ce9d-675a-4998-9c14-19c070a12182","ts":"2026-01-28T04:30:05.168-05:00","eventName":"n8n.audit.workflow.updated","message":"n8n.audit.workflow.updated","payload":{"userId":"062cdfef-118f-409e-b0bd-91f47e6d9df4","_email":"admin@example.com","_firstName":"Admin","_lastName":"Admin","globalRole":"global:owner","workflowId":"JLEFtZFv8tG-RvtmSxe9v","workflowName":"batch mail imap"}}
{"__type":"$$EventMessageConfirm","confirm":"04d7ce9d-675a-4998-9c14-19c070a12182","ts":"2026-01-28T04:30:05.168-05:00","source":{"id":"0","name":"eventBus"}}
